  AsteroidScript.cpp
  EBO.cpp
  main.cpp
C:\Program Files (x86)\Windows Kits\10\Include\10.0.19041.0\um\GL\gl.h(1162,25): error C2365: 'glad_glBindTexture': nueva definición; la definición anterior era 'variable de datos'
E:\4t carrera\programación de juegos\Asteroids 1.0\Programacio-Videojocs-8-ECS\VideogameProgramming\Libraries\include\glad\glad.h(1133): message : vea la declaración de 'glad_glBindTexture'
C:\Program Files (x86)\Windows Kits\10\Include\10.0.19041.0\um\GL\gl.h(1164,25): error C2365: 'glad_glBlendFunc': nueva definición; la definición anterior era 'variable de datos'
E:\4t carrera\programación de juegos\Asteroids 1.0\Programacio-Videojocs-8-ECS\VideogameProgramming\Libraries\include\glad\glad.h(1033): message : vea la declaración de 'glad_glBlendFunc'
C:\Program Files (x86)\Windows Kits\10\Include\10.0.19041.0\um\GL\gl.h(1167,25): error C2365: 'glad_glClear': nueva definición; la definición anterior era 'variable de datos'
E:\4t carrera\programación de juegos\Asteroids 1.0\Programacio-Videojocs-8-ECS\VideogameProgramming\Libraries\include\glad\glad.h(1000): message : vea la declaración de 'glad_glClear'
C:\Program Files (x86)\Windows Kits\10\Include\10.0.19041.0\um\GL\gl.h(1169,25): error C2365: 'glad_glClearColor': nueva definición; la definición anterior era 'variable de datos'
E:\4t carrera\programación de juegos\Asteroids 1.0\Programacio-Videojocs-8-ECS\VideogameProgramming\Libraries\include\glad\glad.h(1003): message : vea la declaración de 'glad_glClearColor'
C:\Program Files (x86)\Windows Kits\10\Include\10.0.19041.0\um\GL\gl.h(1170,25): error C2365: 'glad_glClearDepth': nueva definición; la definición anterior era 'variable de datos'
E:\4t carrera\programación de juegos\Asteroids 1.0\Programacio-Videojocs-8-ECS\VideogameProgramming\Libraries\include\glad\glad.h(1009): message : vea la declaración de 'glad_glClearDepth'
C:\Program Files (x86)\Windows Kits\10\Include\10.0.19041.0\um\GL\gl.h(1172,25): error C2365: 'glad_glClearStencil': nueva definición; la definición anterior era 'variable de datos'
E:\4t carrera\programación de juegos\Asteroids 1.0\Programacio-Videojocs-8-ECS\VideogameProgramming\Libraries\include\glad\glad.h(1006): message : vea la declaración de 'glad_glClearStencil'
C:\Program Files (x86)\Windows Kits\10\Include\10.0.19041.0\um\GL\gl.h(1206,25): error C2365: 'glad_glColorMask': nueva definición; la definición anterior era 'variable de datos'
E:\4t carrera\programación de juegos\Asteroids 1.0\Programacio-Videojocs-8-ECS\VideogameProgramming\Libraries\include\glad\glad.h(1015): message : vea la declaración de 'glad_glColorMask'
C:\Program Files (x86)\Windows Kits\10\Include\10.0.19041.0\um\GL\gl.h(1210,25): error C2365: 'glad_glCopyTexImage1D': nueva definición; la definición anterior era 'variable de datos'
E:\4t carrera\programación de juegos\Asteroids 1.0\Programacio-Videojocs-8-ECS\VideogameProgramming\Libraries\include\glad\glad.h(1115): message : vea la declaración de 'glad_glCopyTexImage1D'
C:\Program Files (x86)\Windows Kits\10\Include\10.0.19041.0\um\GL\gl.h(1211,25): error C2365: 'glad_glCopyTexImage2D': nueva definición; la definición anterior era 'variable de datos'
E:\4t carrera\programación de juegos\Asteroids 1.0\Programacio-Videojocs-8-ECS\VideogameProgramming\Libraries\include\glad\glad.h(1118): message : vea la declaración de 'glad_glCopyTexImage2D'
C:\Program Files (x86)\Windows Kits\10\Include\10.0.19041.0\um\GL\gl.h(1212,25): error C2365: 'glad_glCopyTexSubImage1D': nueva definición; la definición anterior era 'variable de datos'
E:\4t carrera\programación de juegos\Asteroids 1.0\Programacio-Videojocs-8-ECS\VideogameProgramming\Libraries\include\glad\glad.h(1121): message : vea la declaración de 'glad_glCopyTexSubImage1D'
C:\Program Files (x86)\Windows Kits\10\Include\10.0.19041.0\um\GL\gl.h(1213,25): error C2365: 'glad_glCopyTexSubImage2D': nueva definición; la definición anterior era 'variable de datos'
E:\4t carrera\programación de juegos\Asteroids 1.0\Programacio-Videojocs-8-ECS\VideogameProgramming\Libraries\include\glad\glad.h(1124): message : vea la declaración de 'glad_glCopyTexSubImage2D'
C:\Program Files (x86)\Windows Kits\10\Include\10.0.19041.0\um\GL\gl.h(1214,25): error C2365: 'glad_glCullFace': nueva definición; la definición anterior era 'variable de datos'
E:\4t carrera\programación de juegos\Asteroids 1.0\Programacio-Videojocs-8-ECS\VideogameProgramming\Libraries\include\glad\glad.h(958): message : vea la declaración de 'glad_glCullFace'
C:\Program Files (x86)\Windows Kits\10\Include\10.0.19041.0\um\GL\gl.h(1216,25): error C2365: 'glad_glDeleteTextures': nueva definición; la definición anterior era 'variable de datos'
E:\4t carrera\programación de juegos\Asteroids 1.0\Programacio-Videojocs-8-ECS\VideogameProgramming\Libraries\include\glad\glad.h(1136): message : vea la declaración de 'glad_glDeleteTextures'
C:\Program Files (x86)\Windows Kits\10\Include\10.0.19041.0\um\GL\gl.h(1217,25): error C2365: 'glad_glDepthFunc': nueva definición; la definición anterior era 'variable de datos'
E:\4t carrera\programación de juegos\Asteroids 1.0\Programacio-Videojocs-8-ECS\VideogameProgramming\Libraries\include\glad\glad.h(1045): message : vea la declaración de 'glad_glDepthFunc'
C:\Program Files (x86)\Windows Kits\10\Include\10.0.19041.0\um\GL\gl.h(1218,25): error C2365: 'glad_glDepthMask': nueva definición; la definición anterior era 'variable de datos'
E:\4t carrera\programación de juegos\Asteroids 1.0\Programacio-Videojocs-8-ECS\VideogameProgramming\Libraries\include\glad\glad.h(1018): message : vea la declaración de 'glad_glDepthMask'
C:\Program Files (x86)\Windows Kits\10\Include\10.0.19041.0\um\GL\gl.h(1219,25): error C2365: 'glad_glDepthRange': nueva definición; la definición anterior era 'variable de datos'
E:\4t carrera\programación de juegos\Asteroids 1.0\Programacio-Videojocs-8-ECS\VideogameProgramming\Libraries\include\glad\glad.h(1096): message : vea la declaración de 'glad_glDepthRange'
C:\Program Files (x86)\Windows Kits\10\Include\10.0.19041.0\um\GL\gl.h(1220,25): error C2365: 'glad_glDisable': nueva definición; la definición anterior era 'variable de datos'
E:\4t carrera\programación de juegos\Asteroids 1.0\Programacio-Videojocs-8-ECS\VideogameProgramming\Libraries\include\glad\glad.h(1021): message : vea la declaración de 'glad_glDisable'
C:\Program Files (x86)\Windows Kits\10\Include\10.0.19041.0\um\GL\gl.h(1222,25): error C2365: 'glad_glDrawArrays': nueva definición; la definición anterior era 'variable de datos'
E:\4t carrera\programación de juegos\Asteroids 1.0\Programacio-Videojocs-8-ECS\VideogameProgramming\Libraries\include\glad\glad.h(1106): message : vea la declaración de 'glad_glDrawArrays'
C:\Program Files (x86)\Windows Kits\10\Include\10.0.19041.0\um\GL\gl.h(1223,25): error C2365: 'glad_glDrawBuffer': nueva definición; la definición anterior era 'variable de datos'
E:\4t carrera\programación de juegos\Asteroids 1.0\Programacio-Videojocs-8-ECS\VideogameProgramming\Libraries\include\glad\glad.h(997): message : vea la declaración de 'glad_glDrawBuffer'
C:\Program Files (x86)\Windows Kits\10\Include\10.0.19041.0\um\GL\gl.h(1224,25): error C2365: 'glad_glDrawElements': nueva definición; la definición anterior era 'variable de datos'
E:\4t carrera\programación de juegos\Asteroids 1.0\Programacio-Videojocs-8-ECS\VideogameProgramming\Libraries\include\glad\glad.h(1109): message : vea la declaración de 'glad_glDrawElements'
C:\Program Files (x86)\Windows Kits\10\Include\10.0.19041.0\um\GL\gl.h(1229,25): error C2365: 'glad_glEnable': nueva definición; la definición anterior era 'variable de datos'
E:\4t carrera\programación de juegos\Asteroids 1.0\Programacio-Videojocs-8-ECS\VideogameProgramming\Libraries\include\glad\glad.h(1024): message : vea la declaración de 'glad_glEnable'
C:\Program Files (x86)\Windows Kits\10\Include\10.0.19041.0\um\GL\gl.h(1246,25): error C2365: 'glad_glFinish': nueva definición; la definición anterior era 'variable de datos'
E:\4t carrera\programación de juegos\Asteroids 1.0\Programacio-Videojocs-8-ECS\VideogameProgramming\Libraries\include\glad\glad.h(1027): message : vea la declaración de 'glad_glFinish'
C:\Program Files (x86)\Windows Kits\10\Include\10.0.19041.0\um\GL\gl.h(1247,25): error C2365: 'glad_glFlush': nueva definición; la definición anterior era 'variable de datos'
E:\4t carrera\programación de juegos\Asteroids 1.0\Programacio-Videojocs-8-ECS\VideogameProgramming\Libraries\include\glad\glad.h(1030): message : vea la declaración de 'glad_glFlush'
C:\Program Files (x86)\Windows Kits\10\Include\10.0.19041.0\um\GL\gl.h(1252,25): error C2365: 'glad_glFrontFace': nueva definición; la definición anterior era 'variable de datos'
E:\4t carrera\programación de juegos\Asteroids 1.0\Programacio-Videojocs-8-ECS\VideogameProgramming\Libraries\include\glad\glad.h(961): message : vea la declaración de 'glad_glFrontFace'
C:\Program Files (x86)\Windows Kits\10\Include\10.0.19041.0\um\GL\gl.h(1255,25): error C2365: 'glad_glGenTextures': nueva definición; la definición anterior era 'variable de datos'
E:\4t carrera\programación de juegos\Asteroids 1.0\Programacio-Videojocs-8-ECS\VideogameProgramming\Libraries\include\glad\glad.h(1139): message : vea la declaración de 'glad_glGenTextures'
C:\Program Files (x86)\Windows Kits\10\Include\10.0.19041.0\um\GL\gl.h(1256,25): error C2365: 'glad_glGetBooleanv': nueva definición; la definición anterior era 'variable de datos'
E:\4t carrera\programación de juegos\Asteroids 1.0\Programacio-Videojocs-8-ECS\VideogameProgramming\Libraries\include\glad\glad.h(1060): message : vea la declaración de 'glad_glGetBooleanv'
C:\Program Files (x86)\Windows Kits\10\Include\10.0.19041.0\um\GL\gl.h(1258,25): error C2365: 'glad_glGetDoublev': nueva definición; la definición anterior era 'variable de datos'
E:\4t carrera\programación de juegos\Asteroids 1.0\Programacio-Videojocs-8-ECS\VideogameProgramming\Libraries\include\glad\glad.h(1063): message : vea la declaración de 'glad_glGetDoublev'
C:\Program Files (x86)\Windows Kits\10\Include\10.0.19041.0\um\GL\gl.h(1259,27): error C2365: 'glad_glGetError': nueva definición; la definición anterior era 'variable de datos'
E:\4t carrera\programación de juegos\Asteroids 1.0\Programacio-Videojocs-8-ECS\VideogameProgramming\Libraries\include\glad\glad.h(1066): message : vea la declaración de 'glad_glGetError'
C:\Program Files (x86)\Windows Kits\10\Include\10.0.19041.0\um\GL\gl.h(1260,25): error C2365: 'glad_glGetFloatv': nueva definición; la definición anterior era 'variable de datos'
E:\4t carrera\programación de juegos\Asteroids 1.0\Programacio-Videojocs-8-ECS\VideogameProgramming\Libraries\include\glad\glad.h(1069): message : vea la declaración de 'glad_glGetFloatv'
C:\Program Files (x86)\Windows Kits\10\Include\10.0.19041.0\um\GL\gl.h(1261,25): error C2365: 'glad_glGetIntegerv': nueva definición; la definición anterior era 'variable de datos'
E:\4t carrera\programación de juegos\Asteroids 1.0\Programacio-Videojocs-8-ECS\VideogameProgramming\Libraries\include\glad\glad.h(1072): message : vea la declaración de 'glad_glGetIntegerv'
C:\Program Files (x86)\Windows Kits\10\Include\10.0.19041.0\um\GL\gl.h(1274,36): error C2365: 'glad_glGetString': nueva definición; la definición anterior era 'variable de datos'
E:\4t carrera\programación de juegos\Asteroids 1.0\Programacio-Videojocs-8-ECS\VideogameProgramming\Libraries\include\glad\glad.h(1075): message : vea la declaración de 'glad_glGetString'
C:\Program Files (x86)\Windows Kits\10\Include\10.0.19041.0\um\GL\gl.h(1280,25): error C2365: 'glad_glGetTexImage': nueva definición; la definición anterior era 'variable de datos'
E:\4t carrera\programación de juegos\Asteroids 1.0\Programacio-Videojocs-8-ECS\VideogameProgramming\Libraries\include\glad\glad.h(1078): message : vea la declaración de 'glad_glGetTexImage'
C:\Program Files (x86)\Windows Kits\10\Include\10.0.19041.0\um\GL\gl.h(1281,25): error C2365: 'glad_glGetTexLevelParameterfv': nueva definición; la definición anterior era 'variable de datos'
E:\4t carrera\programación de juegos\Asteroids 1.0\Programacio-Videojocs-8-ECS\VideogameProgramming\Libraries\include\glad\glad.h(1087): message : vea la declaración de 'glad_glGetTexLevelParameterfv'
C:\Program Files (x86)\Windows Kits\10\Include\10.0.19041.0\um\GL\gl.h(1282,25): error C2365: 'glad_glGetTexLevelParameteriv': nueva definición; la definición anterior era 'variable de datos'
E:\4t carrera\programación de juegos\Asteroids 1.0\Programacio-Videojocs-8-ECS\VideogameProgramming\Libraries\include\glad\glad.h(1090): message : vea la declaración de 'glad_glGetTexLevelParameteriv'
C:\Program Files (x86)\Windows Kits\10\Include\10.0.19041.0\um\GL\gl.h(1283,25): error C2365: 'glad_glGetTexParameterfv': nueva definición; la definición anterior era 'variable de datos'
E:\4t carrera\programación de juegos\Asteroids 1.0\Programacio-Videojocs-8-ECS\VideogameProgramming\Libraries\include\glad\glad.h(1081): message : vea la declaración de 'glad_glGetTexParameterfv'
C:\Program Files (x86)\Windows Kits\10\Include\10.0.19041.0\um\GL\gl.h(1284,25): error C2365: 'glad_glGetTexParameteriv': nueva definición; la definición anterior era 'variable de datos'
E:\4t carrera\programación de juegos\Asteroids 1.0\Programacio-Videojocs-8-ECS\VideogameProgramming\Libraries\include\glad\glad.h(1084): message : vea la declaración de 'glad_glGetTexParameteriv'
C:\Program Files (x86)\Windows Kits\10\Include\10.0.19041.0\um\GL\gl.h(1285,25): error C2365: 'glad_glHint': nueva definición; la definición anterior era 'variable de datos'
E:\4t carrera\programación de juegos\Asteroids 1.0\Programacio-Videojocs-8-ECS\VideogameProgramming\Libraries\include\glad\glad.h(964): message : vea la declaración de 'glad_glHint'
C:\Program Files (x86)\Windows Kits\10\Include\10.0.19041.0\um\GL\gl.h(1300,30): error C2365: 'glad_glIsEnabled': nueva definición; la definición anterior era 'variable de datos'
E:\4t carrera\programación de juegos\Asteroids 1.0\Programacio-Videojocs-8-ECS\VideogameProgramming\Libraries\include\glad\glad.h(1093): message : vea la declaración de 'glad_glIsEnabled'
C:\Program Files (x86)\Windows Kits\10\Include\10.0.19041.0\um\GL\gl.h(1302,30): error C2365: 'glad_glIsTexture': nueva definición; la definición anterior era 'variable de datos'
E:\4t carrera\programación de juegos\Asteroids 1.0\Programacio-Videojocs-8-ECS\VideogameProgramming\Libraries\include\glad\glad.h(1142): message : vea la declaración de 'glad_glIsTexture'
C:\Program Files (x86)\Windows Kits\10\Include\10.0.19041.0\um\GL\gl.h(1312,25): error C2365: 'glad_glLineWidth': nueva definición; la definición anterior era 'variable de datos'
E:\4t carrera\programación de juegos\Asteroids 1.0\Programacio-Videojocs-8-ECS\VideogameProgramming\Libraries\include\glad\glad.h(967): message : vea la declaración de 'glad_glLineWidth'
C:\Program Files (x86)\Windows Kits\10\Include\10.0.19041.0\um\GL\gl.h(1318,25): error C2365: 'glad_glLogicOp': nueva definición; la definición anterior era 'variable de datos'
E:\4t carrera\programación de juegos\Asteroids 1.0\Programacio-Videojocs-8-ECS\VideogameProgramming\Libraries\include\glad\glad.h(1036): message : vea la declaración de 'glad_glLogicOp'
C:\Program Files (x86)\Windows Kits\10\Include\10.0.19041.0\um\GL\gl.h(1351,25): error C2365: 'glad_glPixelStoref': nueva definición; la definición anterior era 'variable de datos'
E:\4t carrera\programación de juegos\Asteroids 1.0\Programacio-Videojocs-8-ECS\VideogameProgramming\Libraries\include\glad\glad.h(1048): message : vea la declaración de 'glad_glPixelStoref'
C:\Program Files (x86)\Windows Kits\10\Include\10.0.19041.0\um\GL\gl.h(1352,25): error C2365: 'glad_glPixelStorei': nueva definición; la definición anterior era 'variable de datos'
E:\4t carrera\programación de juegos\Asteroids 1.0\Programacio-Videojocs-8-ECS\VideogameProgramming\Libraries\include\glad\glad.h(1051): message : vea la declaración de 'glad_glPixelStorei'
C:\Program Files (x86)\Windows Kits\10\Include\10.0.19041.0\um\GL\gl.h(1356,25): error C2365: 'glad_glPointSize': nueva definición; la definición anterior era 'variable de datos'
E:\4t carrera\programación de juegos\Asteroids 1.0\Programacio-Videojocs-8-ECS\VideogameProgramming\Libraries\include\glad\glad.h(970): message : vea la declaración de 'glad_glPointSize'
C:\Program Files (x86)\Windows Kits\10\Include\10.0.19041.0\um\GL\gl.h(1357,25): error C2365: 'glad_glPolygonMode': nueva definición; la definición anterior era 'variable de datos'
E:\4t carrera\programación de juegos\Asteroids 1.0\Programacio-Videojocs-8-ECS\VideogameProgramming\Libraries\include\glad\glad.h(973): message : vea la declaración de 'glad_glPolygonMode'
C:\Program Files (x86)\Windows Kits\10\Include\10.0.19041.0\um\GL\gl.h(1358,25): error C2365: 'glad_glPolygonOffset': nueva definición; la definición anterior era 'variable de datos'
E:\4t carrera\programación de juegos\Asteroids 1.0\Programacio-Videojocs-8-ECS\VideogameProgramming\Libraries\include\glad\glad.h(1112): message : vea la declaración de 'glad_glPolygonOffset'
C:\Program Files (x86)\Windows Kits\10\Include\10.0.19041.0\um\GL\gl.h(1393,25): error C2365: 'glad_glReadBuffer': nueva definición; la definición anterior era 'variable de datos'
E:\4t carrera\programación de juegos\Asteroids 1.0\Programacio-Videojocs-8-ECS\VideogameProgramming\Libraries\include\glad\glad.h(1054): message : vea la declaración de 'glad_glReadBuffer'
C:\Program Files (x86)\Windows Kits\10\Include\10.0.19041.0\um\GL\gl.h(1394,25): error C2365: 'glad_glReadPixels': nueva definición; la definición anterior era 'variable de datos'
E:\4t carrera\programación de juegos\Asteroids 1.0\Programacio-Videojocs-8-ECS\VideogameProgramming\Libraries\include\glad\glad.h(1057): message : vea la declaración de 'glad_glReadPixels'
C:\Program Files (x86)\Windows Kits\10\Include\10.0.19041.0\um\GL\gl.h(1408,25): error C2365: 'glad_glScissor': nueva definición; la definición anterior era 'variable de datos'
E:\4t carrera\programación de juegos\Asteroids 1.0\Programacio-Videojocs-8-ECS\VideogameProgramming\Libraries\include\glad\glad.h(976): message : vea la declaración de 'glad_glScissor'
C:\Program Files (x86)\Windows Kits\10\Include\10.0.19041.0\um\GL\gl.h(1411,25): error C2365: 'glad_glStencilFunc': nueva definición; la definición anterior era 'variable de datos'
E:\4t carrera\programación de juegos\Asteroids 1.0\Programacio-Videojocs-8-ECS\VideogameProgramming\Libraries\include\glad\glad.h(1039): message : vea la declaración de 'glad_glStencilFunc'
C:\Program Files (x86)\Windows Kits\10\Include\10.0.19041.0\um\GL\gl.h(1412,25): error C2365: 'glad_glStencilMask': nueva definición; la definición anterior era 'variable de datos'
E:\4t carrera\programación de juegos\Asteroids 1.0\Programacio-Videojocs-8-ECS\VideogameProgramming\Libraries\include\glad\glad.h(1012): message : vea la declaración de 'glad_glStencilMask'
C:\Program Files (x86)\Windows Kits\10\Include\10.0.19041.0\um\GL\gl.h(1413,25): error C2365: 'glad_glStencilOp': nueva definición; la definición anterior era 'variable de datos'
E:\4t carrera\programación de juegos\Asteroids 1.0\Programacio-Videojocs-8-ECS\VideogameProgramming\Libraries\include\glad\glad.h(1042): message : vea la declaración de 'glad_glStencilOp'
C:\Program Files (x86)\Windows Kits\10\Include\10.0.19041.0\um\GL\gl.h(1457,25): error C2365: 'glad_glTexImage1D': nueva definición; la definición anterior era 'variable de datos'
E:\4t carrera\programación de juegos\Asteroids 1.0\Programacio-Videojocs-8-ECS\VideogameProgramming\Libraries\include\glad\glad.h(991): message : vea la declaración de 'glad_glTexImage1D'
C:\Program Files (x86)\Windows Kits\10\Include\10.0.19041.0\um\GL\gl.h(1458,25): error C2365: 'glad_glTexImage2D': nueva definición; la definición anterior era 'variable de datos'
E:\4t carrera\programación de juegos\Asteroids 1.0\Programacio-Videojocs-8-ECS\VideogameProgramming\Libraries\include\glad\glad.h(994): message : vea la declaración de 'glad_glTexImage2D'
C:\Program Files (x86)\Windows Kits\10\Include\10.0.19041.0\um\GL\gl.h(1459,25): error C2365: 'glad_glTexParameterf': nueva definición; la definición anterior era 'variable de datos'
E:\4t carrera\programación de juegos\Asteroids 1.0\Programacio-Videojocs-8-ECS\VideogameProgramming\Libraries\include\glad\glad.h(979): message : vea la declaración de 'glad_glTexParameterf'
C:\Program Files (x86)\Windows Kits\10\Include\10.0.19041.0\um\GL\gl.h(1460,25): error C2365: 'glad_glTexParameterfv': nueva definición; la definición anterior era 'variable de datos'
E:\4t carrera\programación de juegos\Asteroids 1.0\Programacio-Videojocs-8-ECS\VideogameProgramming\Libraries\include\glad\glad.h(982): message : vea la declaración de 'glad_glTexParameterfv'
C:\Program Files (x86)\Windows Kits\10\Include\10.0.19041.0\um\GL\gl.h(1461,25): error C2365: 'glad_glTexParameteri': nueva definición; la definición anterior era 'variable de datos'
E:\4t carrera\programación de juegos\Asteroids 1.0\Programacio-Videojocs-8-ECS\VideogameProgramming\Libraries\include\glad\glad.h(985): message : vea la declaración de 'glad_glTexParameteri'
C:\Program Files (x86)\Windows Kits\10\Include\10.0.19041.0\um\GL\gl.h(1462,25): error C2365: 'glad_glTexParameteriv': nueva definición; la definición anterior era 'variable de datos'
E:\4t carrera\programación de juegos\Asteroids 1.0\Programacio-Videojocs-8-ECS\VideogameProgramming\Libraries\include\glad\glad.h(988): message : vea la declaración de 'glad_glTexParameteriv'
C:\Program Files (x86)\Windows Kits\10\Include\10.0.19041.0\um\GL\gl.h(1463,25): error C2365: 'glad_glTexSubImage1D': nueva definición; la definición anterior era 'variable de datos'
E:\4t carrera\programación de juegos\Asteroids 1.0\Programacio-Videojocs-8-ECS\VideogameProgramming\Libraries\include\glad\glad.h(1127): message : vea la declaración de 'glad_glTexSubImage1D'
C:\Program Files (x86)\Windows Kits\10\Include\10.0.19041.0\um\GL\gl.h(1464,25): error C2365: 'glad_glTexSubImage2D': nueva definición; la definición anterior era 'variable de datos'
E:\4t carrera\programación de juegos\Asteroids 1.0\Programacio-Videojocs-8-ECS\VideogameProgramming\Libraries\include\glad\glad.h(1130): message : vea la declaración de 'glad_glTexSubImage2D'
C:\Program Files (x86)\Windows Kits\10\Include\10.0.19041.0\um\GL\gl.h(1492,25): error C2365: 'glad_glViewport': nueva definición; la definición anterior era 'variable de datos'
E:\4t carrera\programación de juegos\Asteroids 1.0\Programacio-Videojocs-8-ECS\VideogameProgramming\Libraries\include\glad\glad.h(1099): message : vea la declaración de 'glad_glViewport'
E:\4t carrera\programación de juegos\Asteroids 1.0\Programacio-Videojocs-8-ECS\VideogameProgramming\main.cpp(142,13): warning C4244: 'inicializando': conversión de 'clock_t' a 'float'; posible pérdida de datos
E:\4t carrera\programación de juegos\Asteroids 1.0\Programacio-Videojocs-8-ECS\VideogameProgramming\main.cpp(157,15): warning C4244: '=': conversión de 'clock_t' a 'float'; posible pérdida de datos
  RenderSystem.cpp
  Script.cpp
  ScriptManager.cpp
C:\Program Files (x86)\Windows Kits\10\Include\10.0.19041.0\um\GL\gl.h(1162,25): error C2365: 'glad_glBindTexture': nueva definición; la definición anterior era 'variable de datos'
E:\4t carrera\programación de juegos\Asteroids 1.0\Programacio-Videojocs-8-ECS\VideogameProgramming\Libraries\include\glad\glad.h(1133): message : vea la declaración de 'glad_glBindTexture'
C:\Program Files (x86)\Windows Kits\10\Include\10.0.19041.0\um\GL\gl.h(1164,25): error C2365: 'glad_glBlendFunc': nueva definición; la definición anterior era 'variable de datos'
E:\4t carrera\programación de juegos\Asteroids 1.0\Programacio-Videojocs-8-ECS\VideogameProgramming\Libraries\include\glad\glad.h(1033): message : vea la declaración de 'glad_glBlendFunc'
C:\Program Files (x86)\Windows Kits\10\Include\10.0.19041.0\um\GL\gl.h(1167,25): error C2365: 'glad_glClear': nueva definición; la definición anterior era 'variable de datos'
E:\4t carrera\programación de juegos\Asteroids 1.0\Programacio-Videojocs-8-ECS\VideogameProgramming\Libraries\include\glad\glad.h(1000): message : vea la declaración de 'glad_glClear'
C:\Program Files (x86)\Windows Kits\10\Include\10.0.19041.0\um\GL\gl.h(1169,25): error C2365: 'glad_glClearColor': nueva definición; la definición anterior era 'variable de datos'
E:\4t carrera\programación de juegos\Asteroids 1.0\Programacio-Videojocs-8-ECS\VideogameProgramming\Libraries\include\glad\glad.h(1003): message : vea la declaración de 'glad_glClearColor'
C:\Program Files (x86)\Windows Kits\10\Include\10.0.19041.0\um\GL\gl.h(1170,25): error C2365: 'glad_glClearDepth': nueva definición; la definición anterior era 'variable de datos'
E:\4t carrera\programación de juegos\Asteroids 1.0\Programacio-Videojocs-8-ECS\VideogameProgramming\Libraries\include\glad\glad.h(1009): message : vea la declaración de 'glad_glClearDepth'
C:\Program Files (x86)\Windows Kits\10\Include\10.0.19041.0\um\GL\gl.h(1172,25): error C2365: 'glad_glClearStencil': nueva definición; la definición anterior era 'variable de datos'
E:\4t carrera\programación de juegos\Asteroids 1.0\Programacio-Videojocs-8-ECS\VideogameProgramming\Libraries\include\glad\glad.h(1006): message : vea la declaración de 'glad_glClearStencil'
C:\Program Files (x86)\Windows Kits\10\Include\10.0.19041.0\um\GL\gl.h(1206,25): error C2365: 'glad_glColorMask': nueva definición; la definición anterior era 'variable de datos'
E:\4t carrera\programación de juegos\Asteroids 1.0\Programacio-Videojocs-8-ECS\VideogameProgramming\Libraries\include\glad\glad.h(1015): message : vea la declaración de 'glad_glColorMask'
C:\Program Files (x86)\Windows Kits\10\Include\10.0.19041.0\um\GL\gl.h(1210,25): error C2365: 'glad_glCopyTexImage1D': nueva definición; la definición anterior era 'variable de datos'
E:\4t carrera\programación de juegos\Asteroids 1.0\Programacio-Videojocs-8-ECS\VideogameProgramming\Libraries\include\glad\glad.h(1115): message : vea la declaración de 'glad_glCopyTexImage1D'
C:\Program Files (x86)\Windows Kits\10\Include\10.0.19041.0\um\GL\gl.h(1211,25): error C2365: 'glad_glCopyTexImage2D': nueva definición; la definición anterior era 'variable de datos'
E:\4t carrera\programación de juegos\Asteroids 1.0\Programacio-Videojocs-8-ECS\VideogameProgramming\Libraries\include\glad\glad.h(1118): message : vea la declaración de 'glad_glCopyTexImage2D'
C:\Program Files (x86)\Windows Kits\10\Include\10.0.19041.0\um\GL\gl.h(1212,25): error C2365: 'glad_glCopyTexSubImage1D': nueva definición; la definición anterior era 'variable de datos'
E:\4t carrera\programación de juegos\Asteroids 1.0\Programacio-Videojocs-8-ECS\VideogameProgramming\Libraries\include\glad\glad.h(1121): message : vea la declaración de 'glad_glCopyTexSubImage1D'
C:\Program Files (x86)\Windows Kits\10\Include\10.0.19041.0\um\GL\gl.h(1213,25): error C2365: 'glad_glCopyTexSubImage2D': nueva definición; la definición anterior era 'variable de datos'
E:\4t carrera\programación de juegos\Asteroids 1.0\Programacio-Videojocs-8-ECS\VideogameProgramming\Libraries\include\glad\glad.h(1124): message : vea la declaración de 'glad_glCopyTexSubImage2D'
C:\Program Files (x86)\Windows Kits\10\Include\10.0.19041.0\um\GL\gl.h(1214,25): error C2365: 'glad_glCullFace': nueva definición; la definición anterior era 'variable de datos'
E:\4t carrera\programación de juegos\Asteroids 1.0\Programacio-Videojocs-8-ECS\VideogameProgramming\Libraries\include\glad\glad.h(958): message : vea la declaración de 'glad_glCullFace'
C:\Program Files (x86)\Windows Kits\10\Include\10.0.19041.0\um\GL\gl.h(1216,25): error C2365: 'glad_glDeleteTextures': nueva definición; la definición anterior era 'variable de datos'
E:\4t carrera\programación de juegos\Asteroids 1.0\Programacio-Videojocs-8-ECS\VideogameProgramming\Libraries\include\glad\glad.h(1136): message : vea la declaración de 'glad_glDeleteTextures'
C:\Program Files (x86)\Windows Kits\10\Include\10.0.19041.0\um\GL\gl.h(1217,25): error C2365: 'glad_glDepthFunc': nueva definición; la definición anterior era 'variable de datos'
E:\4t carrera\programación de juegos\Asteroids 1.0\Programacio-Videojocs-8-ECS\VideogameProgramming\Libraries\include\glad\glad.h(1045): message : vea la declaración de 'glad_glDepthFunc'
C:\Program Files (x86)\Windows Kits\10\Include\10.0.19041.0\um\GL\gl.h(1218,25): error C2365: 'glad_glDepthMask': nueva definición; la definición anterior era 'variable de datos'
E:\4t carrera\programación de juegos\Asteroids 1.0\Programacio-Videojocs-8-ECS\VideogameProgramming\Libraries\include\glad\glad.h(1018): message : vea la declaración de 'glad_glDepthMask'
C:\Program Files (x86)\Windows Kits\10\Include\10.0.19041.0\um\GL\gl.h(1219,25): error C2365: 'glad_glDepthRange': nueva definición; la definición anterior era 'variable de datos'
E:\4t carrera\programación de juegos\Asteroids 1.0\Programacio-Videojocs-8-ECS\VideogameProgramming\Libraries\include\glad\glad.h(1096): message : vea la declaración de 'glad_glDepthRange'
C:\Program Files (x86)\Windows Kits\10\Include\10.0.19041.0\um\GL\gl.h(1220,25): error C2365: 'glad_glDisable': nueva definición; la definición anterior era 'variable de datos'
E:\4t carrera\programación de juegos\Asteroids 1.0\Programacio-Videojocs-8-ECS\VideogameProgramming\Libraries\include\glad\glad.h(1021): message : vea la declaración de 'glad_glDisable'
C:\Program Files (x86)\Windows Kits\10\Include\10.0.19041.0\um\GL\gl.h(1222,25): error C2365: 'glad_glDrawArrays': nueva definición; la definición anterior era 'variable de datos'
E:\4t carrera\programación de juegos\Asteroids 1.0\Programacio-Videojocs-8-ECS\VideogameProgramming\Libraries\include\glad\glad.h(1106): message : vea la declaración de 'glad_glDrawArrays'
C:\Program Files (x86)\Windows Kits\10\Include\10.0.19041.0\um\GL\gl.h(1223,25): error C2365: 'glad_glDrawBuffer': nueva definición; la definición anterior era 'variable de datos'
E:\4t carrera\programación de juegos\Asteroids 1.0\Programacio-Videojocs-8-ECS\VideogameProgramming\Libraries\include\glad\glad.h(997): message : vea la declaración de 'glad_glDrawBuffer'
C:\Program Files (x86)\Windows Kits\10\Include\10.0.19041.0\um\GL\gl.h(1224,25): error C2365: 'glad_glDrawElements': nueva definición; la definición anterior era 'variable de datos'
E:\4t carrera\programación de juegos\Asteroids 1.0\Programacio-Videojocs-8-ECS\VideogameProgramming\Libraries\include\glad\glad.h(1109): message : vea la declaración de 'glad_glDrawElements'
C:\Program Files (x86)\Windows Kits\10\Include\10.0.19041.0\um\GL\gl.h(1229,25): error C2365: 'glad_glEnable': nueva definición; la definición anterior era 'variable de datos'
E:\4t carrera\programación de juegos\Asteroids 1.0\Programacio-Videojocs-8-ECS\VideogameProgramming\Libraries\include\glad\glad.h(1024): message : vea la declaración de 'glad_glEnable'
C:\Program Files (x86)\Windows Kits\10\Include\10.0.19041.0\um\GL\gl.h(1246,25): error C2365: 'glad_glFinish': nueva definición; la definición anterior era 'variable de datos'
E:\4t carrera\programación de juegos\Asteroids 1.0\Programacio-Videojocs-8-ECS\VideogameProgramming\Libraries\include\glad\glad.h(1027): message : vea la declaración de 'glad_glFinish'
C:\Program Files (x86)\Windows Kits\10\Include\10.0.19041.0\um\GL\gl.h(1247,25): error C2365: 'glad_glFlush': nueva definición; la definición anterior era 'variable de datos'
E:\4t carrera\programación de juegos\Asteroids 1.0\Programacio-Videojocs-8-ECS\VideogameProgramming\Libraries\include\glad\glad.h(1030): message : vea la declaración de 'glad_glFlush'
C:\Program Files (x86)\Windows Kits\10\Include\10.0.19041.0\um\GL\gl.h(1252,25): error C2365: 'glad_glFrontFace': nueva definición; la definición anterior era 'variable de datos'
E:\4t carrera\programación de juegos\Asteroids 1.0\Programacio-Videojocs-8-ECS\VideogameProgramming\Libraries\include\glad\glad.h(961): message : vea la declaración de 'glad_glFrontFace'
C:\Program Files (x86)\Windows Kits\10\Include\10.0.19041.0\um\GL\gl.h(1255,25): error C2365: 'glad_glGenTextures': nueva definición; la definición anterior era 'variable de datos'
E:\4t carrera\programación de juegos\Asteroids 1.0\Programacio-Videojocs-8-ECS\VideogameProgramming\Libraries\include\glad\glad.h(1139): message : vea la declaración de 'glad_glGenTextures'
C:\Program Files (x86)\Windows Kits\10\Include\10.0.19041.0\um\GL\gl.h(1256,25): error C2365: 'glad_glGetBooleanv': nueva definición; la definición anterior era 'variable de datos'
E:\4t carrera\programación de juegos\Asteroids 1.0\Programacio-Videojocs-8-ECS\VideogameProgramming\Libraries\include\glad\glad.h(1060): message : vea la declaración de 'glad_glGetBooleanv'
C:\Program Files (x86)\Windows Kits\10\Include\10.0.19041.0\um\GL\gl.h(1258,25): error C2365: 'glad_glGetDoublev': nueva definición; la definición anterior era 'variable de datos'
E:\4t carrera\programación de juegos\Asteroids 1.0\Programacio-Videojocs-8-ECS\VideogameProgramming\Libraries\include\glad\glad.h(1063): message : vea la declaración de 'glad_glGetDoublev'
C:\Program Files (x86)\Windows Kits\10\Include\10.0.19041.0\um\GL\gl.h(1259,27): error C2365: 'glad_glGetError': nueva definición; la definición anterior era 'variable de datos'
E:\4t carrera\programación de juegos\Asteroids 1.0\Programacio-Videojocs-8-ECS\VideogameProgramming\Libraries\include\glad\glad.h(1066): message : vea la declaración de 'glad_glGetError'
C:\Program Files (x86)\Windows Kits\10\Include\10.0.19041.0\um\GL\gl.h(1260,25): error C2365: 'glad_glGetFloatv': nueva definición; la definición anterior era 'variable de datos'
E:\4t carrera\programación de juegos\Asteroids 1.0\Programacio-Videojocs-8-ECS\VideogameProgramming\Libraries\include\glad\glad.h(1069): message : vea la declaración de 'glad_glGetFloatv'
C:\Program Files (x86)\Windows Kits\10\Include\10.0.19041.0\um\GL\gl.h(1261,25): error C2365: 'glad_glGetIntegerv': nueva definición; la definición anterior era 'variable de datos'
E:\4t carrera\programación de juegos\Asteroids 1.0\Programacio-Videojocs-8-ECS\VideogameProgramming\Libraries\include\glad\glad.h(1072): message : vea la declaración de 'glad_glGetIntegerv'
C:\Program Files (x86)\Windows Kits\10\Include\10.0.19041.0\um\GL\gl.h(1274,36): error C2365: 'glad_glGetString': nueva definición; la definición anterior era 'variable de datos'
E:\4t carrera\programación de juegos\Asteroids 1.0\Programacio-Videojocs-8-ECS\VideogameProgramming\Libraries\include\glad\glad.h(1075): message : vea la declaración de 'glad_glGetString'
C:\Program Files (x86)\Windows Kits\10\Include\10.0.19041.0\um\GL\gl.h(1280,25): error C2365: 'glad_glGetTexImage': nueva definición; la definición anterior era 'variable de datos'
E:\4t carrera\programación de juegos\Asteroids 1.0\Programacio-Videojocs-8-ECS\VideogameProgramming\Libraries\include\glad\glad.h(1078): message : vea la declaración de 'glad_glGetTexImage'
C:\Program Files (x86)\Windows Kits\10\Include\10.0.19041.0\um\GL\gl.h(1281,25): error C2365: 'glad_glGetTexLevelParameterfv': nueva definición; la definición anterior era 'variable de datos'
E:\4t carrera\programación de juegos\Asteroids 1.0\Programacio-Videojocs-8-ECS\VideogameProgramming\Libraries\include\glad\glad.h(1087): message : vea la declaración de 'glad_glGetTexLevelParameterfv'
C:\Program Files (x86)\Windows Kits\10\Include\10.0.19041.0\um\GL\gl.h(1282,25): error C2365: 'glad_glGetTexLevelParameteriv': nueva definición; la definición anterior era 'variable de datos'
E:\4t carrera\programación de juegos\Asteroids 1.0\Programacio-Videojocs-8-ECS\VideogameProgramming\Libraries\include\glad\glad.h(1090): message : vea la declaración de 'glad_glGetTexLevelParameteriv'
C:\Program Files (x86)\Windows Kits\10\Include\10.0.19041.0\um\GL\gl.h(1283,25): error C2365: 'glad_glGetTexParameterfv': nueva definición; la definición anterior era 'variable de datos'
E:\4t carrera\programación de juegos\Asteroids 1.0\Programacio-Videojocs-8-ECS\VideogameProgramming\Libraries\include\glad\glad.h(1081): message : vea la declaración de 'glad_glGetTexParameterfv'
C:\Program Files (x86)\Windows Kits\10\Include\10.0.19041.0\um\GL\gl.h(1284,25): error C2365: 'glad_glGetTexParameteriv': nueva definición; la definición anterior era 'variable de datos'
E:\4t carrera\programación de juegos\Asteroids 1.0\Programacio-Videojocs-8-ECS\VideogameProgramming\Libraries\include\glad\glad.h(1084): message : vea la declaración de 'glad_glGetTexParameteriv'
C:\Program Files (x86)\Windows Kits\10\Include\10.0.19041.0\um\GL\gl.h(1285,25): error C2365: 'glad_glHint': nueva definición; la definición anterior era 'variable de datos'
E:\4t carrera\programación de juegos\Asteroids 1.0\Programacio-Videojocs-8-ECS\VideogameProgramming\Libraries\include\glad\glad.h(964): message : vea la declaración de 'glad_glHint'
C:\Program Files (x86)\Windows Kits\10\Include\10.0.19041.0\um\GL\gl.h(1300,30): error C2365: 'glad_glIsEnabled': nueva definición; la definición anterior era 'variable de datos'
E:\4t carrera\programación de juegos\Asteroids 1.0\Programacio-Videojocs-8-ECS\VideogameProgramming\Libraries\include\glad\glad.h(1093): message : vea la declaración de 'glad_glIsEnabled'
C:\Program Files (x86)\Windows Kits\10\Include\10.0.19041.0\um\GL\gl.h(1302,30): error C2365: 'glad_glIsTexture': nueva definición; la definición anterior era 'variable de datos'
E:\4t carrera\programación de juegos\Asteroids 1.0\Programacio-Videojocs-8-ECS\VideogameProgramming\Libraries\include\glad\glad.h(1142): message : vea la declaración de 'glad_glIsTexture'
C:\Program Files (x86)\Windows Kits\10\Include\10.0.19041.0\um\GL\gl.h(1312,25): error C2365: 'glad_glLineWidth': nueva definición; la definición anterior era 'variable de datos'
E:\4t carrera\programación de juegos\Asteroids 1.0\Programacio-Videojocs-8-ECS\VideogameProgramming\Libraries\include\glad\glad.h(967): message : vea la declaración de 'glad_glLineWidth'
C:\Program Files (x86)\Windows Kits\10\Include\10.0.19041.0\um\GL\gl.h(1318,25): error C2365: 'glad_glLogicOp': nueva definición; la definición anterior era 'variable de datos'
E:\4t carrera\programación de juegos\Asteroids 1.0\Programacio-Videojocs-8-ECS\VideogameProgramming\Libraries\include\glad\glad.h(1036): message : vea la declaración de 'glad_glLogicOp'
C:\Program Files (x86)\Windows Kits\10\Include\10.0.19041.0\um\GL\gl.h(1351,25): error C2365: 'glad_glPixelStoref': nueva definición; la definición anterior era 'variable de datos'
E:\4t carrera\programación de juegos\Asteroids 1.0\Programacio-Videojocs-8-ECS\VideogameProgramming\Libraries\include\glad\glad.h(1048): message : vea la declaración de 'glad_glPixelStoref'
C:\Program Files (x86)\Windows Kits\10\Include\10.0.19041.0\um\GL\gl.h(1352,25): error C2365: 'glad_glPixelStorei': nueva definición; la definición anterior era 'variable de datos'
E:\4t carrera\programación de juegos\Asteroids 1.0\Programacio-Videojocs-8-ECS\VideogameProgramming\Libraries\include\glad\glad.h(1051): message : vea la declaración de 'glad_glPixelStorei'
C:\Program Files (x86)\Windows Kits\10\Include\10.0.19041.0\um\GL\gl.h(1356,25): error C2365: 'glad_glPointSize': nueva definición; la definición anterior era 'variable de datos'
E:\4t carrera\programación de juegos\Asteroids 1.0\Programacio-Videojocs-8-ECS\VideogameProgramming\Libraries\include\glad\glad.h(970): message : vea la declaración de 'glad_glPointSize'
C:\Program Files (x86)\Windows Kits\10\Include\10.0.19041.0\um\GL\gl.h(1357,25): error C2365: 'glad_glPolygonMode': nueva definición; la definición anterior era 'variable de datos'
E:\4t carrera\programación de juegos\Asteroids 1.0\Programacio-Videojocs-8-ECS\VideogameProgramming\Libraries\include\glad\glad.h(973): message : vea la declaración de 'glad_glPolygonMode'
C:\Program Files (x86)\Windows Kits\10\Include\10.0.19041.0\um\GL\gl.h(1358,25): error C2365: 'glad_glPolygonOffset': nueva definición; la definición anterior era 'variable de datos'
E:\4t carrera\programación de juegos\Asteroids 1.0\Programacio-Videojocs-8-ECS\VideogameProgramming\Libraries\include\glad\glad.h(1112): message : vea la declaración de 'glad_glPolygonOffset'
C:\Program Files (x86)\Windows Kits\10\Include\10.0.19041.0\um\GL\gl.h(1393,25): error C2365: 'glad_glReadBuffer': nueva definición; la definición anterior era 'variable de datos'
E:\4t carrera\programación de juegos\Asteroids 1.0\Programacio-Videojocs-8-ECS\VideogameProgramming\Libraries\include\glad\glad.h(1054): message : vea la declaración de 'glad_glReadBuffer'
C:\Program Files (x86)\Windows Kits\10\Include\10.0.19041.0\um\GL\gl.h(1394,25): error C2365: 'glad_glReadPixels': nueva definición; la definición anterior era 'variable de datos'
E:\4t carrera\programación de juegos\Asteroids 1.0\Programacio-Videojocs-8-ECS\VideogameProgramming\Libraries\include\glad\glad.h(1057): message : vea la declaración de 'glad_glReadPixels'
C:\Program Files (x86)\Windows Kits\10\Include\10.0.19041.0\um\GL\gl.h(1408,25): error C2365: 'glad_glScissor': nueva definición; la definición anterior era 'variable de datos'
E:\4t carrera\programación de juegos\Asteroids 1.0\Programacio-Videojocs-8-ECS\VideogameProgramming\Libraries\include\glad\glad.h(976): message : vea la declaración de 'glad_glScissor'
C:\Program Files (x86)\Windows Kits\10\Include\10.0.19041.0\um\GL\gl.h(1411,25): error C2365: 'glad_glStencilFunc': nueva definición; la definición anterior era 'variable de datos'
E:\4t carrera\programación de juegos\Asteroids 1.0\Programacio-Videojocs-8-ECS\VideogameProgramming\Libraries\include\glad\glad.h(1039): message : vea la declaración de 'glad_glStencilFunc'
C:\Program Files (x86)\Windows Kits\10\Include\10.0.19041.0\um\GL\gl.h(1412,25): error C2365: 'glad_glStencilMask': nueva definición; la definición anterior era 'variable de datos'
E:\4t carrera\programación de juegos\Asteroids 1.0\Programacio-Videojocs-8-ECS\VideogameProgramming\Libraries\include\glad\glad.h(1012): message : vea la declaración de 'glad_glStencilMask'
C:\Program Files (x86)\Windows Kits\10\Include\10.0.19041.0\um\GL\gl.h(1413,25): error C2365: 'glad_glStencilOp': nueva definición; la definición anterior era 'variable de datos'
E:\4t carrera\programación de juegos\Asteroids 1.0\Programacio-Videojocs-8-ECS\VideogameProgramming\Libraries\include\glad\glad.h(1042): message : vea la declaración de 'glad_glStencilOp'
C:\Program Files (x86)\Windows Kits\10\Include\10.0.19041.0\um\GL\gl.h(1457,25): error C2365: 'glad_glTexImage1D': nueva definición; la definición anterior era 'variable de datos'
E:\4t carrera\programación de juegos\Asteroids 1.0\Programacio-Videojocs-8-ECS\VideogameProgramming\Libraries\include\glad\glad.h(991): message : vea la declaración de 'glad_glTexImage1D'
C:\Program Files (x86)\Windows Kits\10\Include\10.0.19041.0\um\GL\gl.h(1458,25): error C2365: 'glad_glTexImage2D': nueva definición; la definición anterior era 'variable de datos'
E:\4t carrera\programación de juegos\Asteroids 1.0\Programacio-Videojocs-8-ECS\VideogameProgramming\Libraries\include\glad\glad.h(994): message : vea la declaración de 'glad_glTexImage2D'
C:\Program Files (x86)\Windows Kits\10\Include\10.0.19041.0\um\GL\gl.h(1459,25): error C2365: 'glad_glTexParameterf': nueva definición; la definición anterior era 'variable de datos'
E:\4t carrera\programación de juegos\Asteroids 1.0\Programacio-Videojocs-8-ECS\VideogameProgramming\Libraries\include\glad\glad.h(979): message : vea la declaración de 'glad_glTexParameterf'
C:\Program Files (x86)\Windows Kits\10\Include\10.0.19041.0\um\GL\gl.h(1460,25): error C2365: 'glad_glTexParameterfv': nueva definición; la definición anterior era 'variable de datos'
E:\4t carrera\programación de juegos\Asteroids 1.0\Programacio-Videojocs-8-ECS\VideogameProgramming\Libraries\include\glad\glad.h(982): message : vea la declaración de 'glad_glTexParameterfv'
C:\Program Files (x86)\Windows Kits\10\Include\10.0.19041.0\um\GL\gl.h(1461,25): error C2365: 'glad_glTexParameteri': nueva definición; la definición anterior era 'variable de datos'
E:\4t carrera\programación de juegos\Asteroids 1.0\Programacio-Videojocs-8-ECS\VideogameProgramming\Libraries\include\glad\glad.h(985): message : vea la declaración de 'glad_glTexParameteri'
C:\Program Files (x86)\Windows Kits\10\Include\10.0.19041.0\um\GL\gl.h(1462,25): error C2365: 'glad_glTexParameteriv': nueva definición; la definición anterior era 'variable de datos'
E:\4t carrera\programación de juegos\Asteroids 1.0\Programacio-Videojocs-8-ECS\VideogameProgramming\Libraries\include\glad\glad.h(988): message : vea la declaración de 'glad_glTexParameteriv'
C:\Program Files (x86)\Windows Kits\10\Include\10.0.19041.0\um\GL\gl.h(1463,25): error C2365: 'glad_glTexSubImage1D': nueva definición; la definición anterior era 'variable de datos'
E:\4t carrera\programación de juegos\Asteroids 1.0\Programacio-Videojocs-8-ECS\VideogameProgramming\Libraries\include\glad\glad.h(1127): message : vea la declaración de 'glad_glTexSubImage1D'
C:\Program Files (x86)\Windows Kits\10\Include\10.0.19041.0\um\GL\gl.h(1464,25): error C2365: 'glad_glTexSubImage2D': nueva definición; la definición anterior era 'variable de datos'
E:\4t carrera\programación de juegos\Asteroids 1.0\Programacio-Videojocs-8-ECS\VideogameProgramming\Libraries\include\glad\glad.h(1130): message : vea la declaración de 'glad_glTexSubImage2D'
C:\Program Files (x86)\Windows Kits\10\Include\10.0.19041.0\um\GL\gl.h(1492,25): error C2365: 'glad_glViewport': nueva definición; la definición anterior era 'variable de datos'
E:\4t carrera\programación de juegos\Asteroids 1.0\Programacio-Videojocs-8-ECS\VideogameProgramming\Libraries\include\glad\glad.h(1099): message : vea la declaración de 'glad_glViewport'
E:\4t carrera\programación de juegos\Asteroids 1.0\Programacio-Videojocs-8-ECS\VideogameProgramming\ScriptManager.cpp(15,30): warning C4267: 'return': conversión de 'size_t' a 'int'; posible pérdida de datos
  ScriptSystem.cpp
C:\Program Files (x86)\Windows Kits\10\Include\10.0.19041.0\um\GL\gl.h(1162,25): error C2365: 'glad_glBindTexture': nueva definición; la definición anterior era 'variable de datos'
E:\4t carrera\programación de juegos\Asteroids 1.0\Programacio-Videojocs-8-ECS\VideogameProgramming\Libraries\include\glad\glad.h(1133): message : vea la declaración de 'glad_glBindTexture'
C:\Program Files (x86)\Windows Kits\10\Include\10.0.19041.0\um\GL\gl.h(1164,25): error C2365: 'glad_glBlendFunc': nueva definición; la definición anterior era 'variable de datos'
E:\4t carrera\programación de juegos\Asteroids 1.0\Programacio-Videojocs-8-ECS\VideogameProgramming\Libraries\include\glad\glad.h(1033): message : vea la declaración de 'glad_glBlendFunc'
C:\Program Files (x86)\Windows Kits\10\Include\10.0.19041.0\um\GL\gl.h(1167,25): error C2365: 'glad_glClear': nueva definición; la definición anterior era 'variable de datos'
E:\4t carrera\programación de juegos\Asteroids 1.0\Programacio-Videojocs-8-ECS\VideogameProgramming\Libraries\include\glad\glad.h(1000): message : vea la declaración de 'glad_glClear'
C:\Program Files (x86)\Windows Kits\10\Include\10.0.19041.0\um\GL\gl.h(1169,25): error C2365: 'glad_glClearColor': nueva definición; la definición anterior era 'variable de datos'
E:\4t carrera\programación de juegos\Asteroids 1.0\Programacio-Videojocs-8-ECS\VideogameProgramming\Libraries\include\glad\glad.h(1003): message : vea la declaración de 'glad_glClearColor'
C:\Program Files (x86)\Windows Kits\10\Include\10.0.19041.0\um\GL\gl.h(1170,25): error C2365: 'glad_glClearDepth': nueva definición; la definición anterior era 'variable de datos'
E:\4t carrera\programación de juegos\Asteroids 1.0\Programacio-Videojocs-8-ECS\VideogameProgramming\Libraries\include\glad\glad.h(1009): message : vea la declaración de 'glad_glClearDepth'
C:\Program Files (x86)\Windows Kits\10\Include\10.0.19041.0\um\GL\gl.h(1172,25): error C2365: 'glad_glClearStencil': nueva definición; la definición anterior era 'variable de datos'
E:\4t carrera\programación de juegos\Asteroids 1.0\Programacio-Videojocs-8-ECS\VideogameProgramming\Libraries\include\glad\glad.h(1006): message : vea la declaración de 'glad_glClearStencil'
C:\Program Files (x86)\Windows Kits\10\Include\10.0.19041.0\um\GL\gl.h(1206,25): error C2365: 'glad_glColorMask': nueva definición; la definición anterior era 'variable de datos'
E:\4t carrera\programación de juegos\Asteroids 1.0\Programacio-Videojocs-8-ECS\VideogameProgramming\Libraries\include\glad\glad.h(1015): message : vea la declaración de 'glad_glColorMask'
C:\Program Files (x86)\Windows Kits\10\Include\10.0.19041.0\um\GL\gl.h(1210,25): error C2365: 'glad_glCopyTexImage1D': nueva definición; la definición anterior era 'variable de datos'
E:\4t carrera\programación de juegos\Asteroids 1.0\Programacio-Videojocs-8-ECS\VideogameProgramming\Libraries\include\glad\glad.h(1115): message : vea la declaración de 'glad_glCopyTexImage1D'
C:\Program Files (x86)\Windows Kits\10\Include\10.0.19041.0\um\GL\gl.h(1211,25): error C2365: 'glad_glCopyTexImage2D': nueva definición; la definición anterior era 'variable de datos'
E:\4t carrera\programación de juegos\Asteroids 1.0\Programacio-Videojocs-8-ECS\VideogameProgramming\Libraries\include\glad\glad.h(1118): message : vea la declaración de 'glad_glCopyTexImage2D'
C:\Program Files (x86)\Windows Kits\10\Include\10.0.19041.0\um\GL\gl.h(1212,25): error C2365: 'glad_glCopyTexSubImage1D': nueva definición; la definición anterior era 'variable de datos'
E:\4t carrera\programación de juegos\Asteroids 1.0\Programacio-Videojocs-8-ECS\VideogameProgramming\Libraries\include\glad\glad.h(1121): message : vea la declaración de 'glad_glCopyTexSubImage1D'
C:\Program Files (x86)\Windows Kits\10\Include\10.0.19041.0\um\GL\gl.h(1213,25): error C2365: 'glad_glCopyTexSubImage2D': nueva definición; la definición anterior era 'variable de datos'
E:\4t carrera\programación de juegos\Asteroids 1.0\Programacio-Videojocs-8-ECS\VideogameProgramming\Libraries\include\glad\glad.h(1124): message : vea la declaración de 'glad_glCopyTexSubImage2D'
C:\Program Files (x86)\Windows Kits\10\Include\10.0.19041.0\um\GL\gl.h(1214,25): error C2365: 'glad_glCullFace': nueva definición; la definición anterior era 'variable de datos'
E:\4t carrera\programación de juegos\Asteroids 1.0\Programacio-Videojocs-8-ECS\VideogameProgramming\Libraries\include\glad\glad.h(958): message : vea la declaración de 'glad_glCullFace'
C:\Program Files (x86)\Windows Kits\10\Include\10.0.19041.0\um\GL\gl.h(1216,25): error C2365: 'glad_glDeleteTextures': nueva definición; la definición anterior era 'variable de datos'
E:\4t carrera\programación de juegos\Asteroids 1.0\Programacio-Videojocs-8-ECS\VideogameProgramming\Libraries\include\glad\glad.h(1136): message : vea la declaración de 'glad_glDeleteTextures'
C:\Program Files (x86)\Windows Kits\10\Include\10.0.19041.0\um\GL\gl.h(1217,25): error C2365: 'glad_glDepthFunc': nueva definición; la definición anterior era 'variable de datos'
E:\4t carrera\programación de juegos\Asteroids 1.0\Programacio-Videojocs-8-ECS\VideogameProgramming\Libraries\include\glad\glad.h(1045): message : vea la declaración de 'glad_glDepthFunc'
C:\Program Files (x86)\Windows Kits\10\Include\10.0.19041.0\um\GL\gl.h(1218,25): error C2365: 'glad_glDepthMask': nueva definición; la definición anterior era 'variable de datos'
E:\4t carrera\programación de juegos\Asteroids 1.0\Programacio-Videojocs-8-ECS\VideogameProgramming\Libraries\include\glad\glad.h(1018): message : vea la declaración de 'glad_glDepthMask'
C:\Program Files (x86)\Windows Kits\10\Include\10.0.19041.0\um\GL\gl.h(1219,25): error C2365: 'glad_glDepthRange': nueva definición; la definición anterior era 'variable de datos'
E:\4t carrera\programación de juegos\Asteroids 1.0\Programacio-Videojocs-8-ECS\VideogameProgramming\Libraries\include\glad\glad.h(1096): message : vea la declaración de 'glad_glDepthRange'
C:\Program Files (x86)\Windows Kits\10\Include\10.0.19041.0\um\GL\gl.h(1220,25): error C2365: 'glad_glDisable': nueva definición; la definición anterior era 'variable de datos'
E:\4t carrera\programación de juegos\Asteroids 1.0\Programacio-Videojocs-8-ECS\VideogameProgramming\Libraries\include\glad\glad.h(1021): message : vea la declaración de 'glad_glDisable'
C:\Program Files (x86)\Windows Kits\10\Include\10.0.19041.0\um\GL\gl.h(1222,25): error C2365: 'glad_glDrawArrays': nueva definición; la definición anterior era 'variable de datos'
E:\4t carrera\programación de juegos\Asteroids 1.0\Programacio-Videojocs-8-ECS\VideogameProgramming\Libraries\include\glad\glad.h(1106): message : vea la declaración de 'glad_glDrawArrays'
C:\Program Files (x86)\Windows Kits\10\Include\10.0.19041.0\um\GL\gl.h(1223,25): error C2365: 'glad_glDrawBuffer': nueva definición; la definición anterior era 'variable de datos'
E:\4t carrera\programación de juegos\Asteroids 1.0\Programacio-Videojocs-8-ECS\VideogameProgramming\Libraries\include\glad\glad.h(997): message : vea la declaración de 'glad_glDrawBuffer'
C:\Program Files (x86)\Windows Kits\10\Include\10.0.19041.0\um\GL\gl.h(1224,25): error C2365: 'glad_glDrawElements': nueva definición; la definición anterior era 'variable de datos'
E:\4t carrera\programación de juegos\Asteroids 1.0\Programacio-Videojocs-8-ECS\VideogameProgramming\Libraries\include\glad\glad.h(1109): message : vea la declaración de 'glad_glDrawElements'
C:\Program Files (x86)\Windows Kits\10\Include\10.0.19041.0\um\GL\gl.h(1229,25): error C2365: 'glad_glEnable': nueva definición; la definición anterior era 'variable de datos'
E:\4t carrera\programación de juegos\Asteroids 1.0\Programacio-Videojocs-8-ECS\VideogameProgramming\Libraries\include\glad\glad.h(1024): message : vea la declaración de 'glad_glEnable'
C:\Program Files (x86)\Windows Kits\10\Include\10.0.19041.0\um\GL\gl.h(1246,25): error C2365: 'glad_glFinish': nueva definición; la definición anterior era 'variable de datos'
E:\4t carrera\programación de juegos\Asteroids 1.0\Programacio-Videojocs-8-ECS\VideogameProgramming\Libraries\include\glad\glad.h(1027): message : vea la declaración de 'glad_glFinish'
C:\Program Files (x86)\Windows Kits\10\Include\10.0.19041.0\um\GL\gl.h(1247,25): error C2365: 'glad_glFlush': nueva definición; la definición anterior era 'variable de datos'
E:\4t carrera\programación de juegos\Asteroids 1.0\Programacio-Videojocs-8-ECS\VideogameProgramming\Libraries\include\glad\glad.h(1030): message : vea la declaración de 'glad_glFlush'
C:\Program Files (x86)\Windows Kits\10\Include\10.0.19041.0\um\GL\gl.h(1252,25): error C2365: 'glad_glFrontFace': nueva definición; la definición anterior era 'variable de datos'
E:\4t carrera\programación de juegos\Asteroids 1.0\Programacio-Videojocs-8-ECS\VideogameProgramming\Libraries\include\glad\glad.h(961): message : vea la declaración de 'glad_glFrontFace'
C:\Program Files (x86)\Windows Kits\10\Include\10.0.19041.0\um\GL\gl.h(1255,25): error C2365: 'glad_glGenTextures': nueva definición; la definición anterior era 'variable de datos'
E:\4t carrera\programación de juegos\Asteroids 1.0\Programacio-Videojocs-8-ECS\VideogameProgramming\Libraries\include\glad\glad.h(1139): message : vea la declaración de 'glad_glGenTextures'
C:\Program Files (x86)\Windows Kits\10\Include\10.0.19041.0\um\GL\gl.h(1256,25): error C2365: 'glad_glGetBooleanv': nueva definición; la definición anterior era 'variable de datos'
E:\4t carrera\programación de juegos\Asteroids 1.0\Programacio-Videojocs-8-ECS\VideogameProgramming\Libraries\include\glad\glad.h(1060): message : vea la declaración de 'glad_glGetBooleanv'
C:\Program Files (x86)\Windows Kits\10\Include\10.0.19041.0\um\GL\gl.h(1258,25): error C2365: 'glad_glGetDoublev': nueva definición; la definición anterior era 'variable de datos'
E:\4t carrera\programación de juegos\Asteroids 1.0\Programacio-Videojocs-8-ECS\VideogameProgramming\Libraries\include\glad\glad.h(1063): message : vea la declaración de 'glad_glGetDoublev'
C:\Program Files (x86)\Windows Kits\10\Include\10.0.19041.0\um\GL\gl.h(1259,27): error C2365: 'glad_glGetError': nueva definición; la definición anterior era 'variable de datos'
E:\4t carrera\programación de juegos\Asteroids 1.0\Programacio-Videojocs-8-ECS\VideogameProgramming\Libraries\include\glad\glad.h(1066): message : vea la declaración de 'glad_glGetError'
C:\Program Files (x86)\Windows Kits\10\Include\10.0.19041.0\um\GL\gl.h(1260,25): error C2365: 'glad_glGetFloatv': nueva definición; la definición anterior era 'variable de datos'
E:\4t carrera\programación de juegos\Asteroids 1.0\Programacio-Videojocs-8-ECS\VideogameProgramming\Libraries\include\glad\glad.h(1069): message : vea la declaración de 'glad_glGetFloatv'
C:\Program Files (x86)\Windows Kits\10\Include\10.0.19041.0\um\GL\gl.h(1261,25): error C2365: 'glad_glGetIntegerv': nueva definición; la definición anterior era 'variable de datos'
E:\4t carrera\programación de juegos\Asteroids 1.0\Programacio-Videojocs-8-ECS\VideogameProgramming\Libraries\include\glad\glad.h(1072): message : vea la declaración de 'glad_glGetIntegerv'
C:\Program Files (x86)\Windows Kits\10\Include\10.0.19041.0\um\GL\gl.h(1274,36): error C2365: 'glad_glGetString': nueva definición; la definición anterior era 'variable de datos'
E:\4t carrera\programación de juegos\Asteroids 1.0\Programacio-Videojocs-8-ECS\VideogameProgramming\Libraries\include\glad\glad.h(1075): message : vea la declaración de 'glad_glGetString'
C:\Program Files (x86)\Windows Kits\10\Include\10.0.19041.0\um\GL\gl.h(1280,25): error C2365: 'glad_glGetTexImage': nueva definición; la definición anterior era 'variable de datos'
E:\4t carrera\programación de juegos\Asteroids 1.0\Programacio-Videojocs-8-ECS\VideogameProgramming\Libraries\include\glad\glad.h(1078): message : vea la declaración de 'glad_glGetTexImage'
C:\Program Files (x86)\Windows Kits\10\Include\10.0.19041.0\um\GL\gl.h(1281,25): error C2365: 'glad_glGetTexLevelParameterfv': nueva definición; la definición anterior era 'variable de datos'
E:\4t carrera\programación de juegos\Asteroids 1.0\Programacio-Videojocs-8-ECS\VideogameProgramming\Libraries\include\glad\glad.h(1087): message : vea la declaración de 'glad_glGetTexLevelParameterfv'
C:\Program Files (x86)\Windows Kits\10\Include\10.0.19041.0\um\GL\gl.h(1282,25): error C2365: 'glad_glGetTexLevelParameteriv': nueva definición; la definición anterior era 'variable de datos'
E:\4t carrera\programación de juegos\Asteroids 1.0\Programacio-Videojocs-8-ECS\VideogameProgramming\Libraries\include\glad\glad.h(1090): message : vea la declaración de 'glad_glGetTexLevelParameteriv'
C:\Program Files (x86)\Windows Kits\10\Include\10.0.19041.0\um\GL\gl.h(1283,25): error C2365: 'glad_glGetTexParameterfv': nueva definición; la definición anterior era 'variable de datos'
E:\4t carrera\programación de juegos\Asteroids 1.0\Programacio-Videojocs-8-ECS\VideogameProgramming\Libraries\include\glad\glad.h(1081): message : vea la declaración de 'glad_glGetTexParameterfv'
C:\Program Files (x86)\Windows Kits\10\Include\10.0.19041.0\um\GL\gl.h(1284,25): error C2365: 'glad_glGetTexParameteriv': nueva definición; la definición anterior era 'variable de datos'
E:\4t carrera\programación de juegos\Asteroids 1.0\Programacio-Videojocs-8-ECS\VideogameProgramming\Libraries\include\glad\glad.h(1084): message : vea la declaración de 'glad_glGetTexParameteriv'
C:\Program Files (x86)\Windows Kits\10\Include\10.0.19041.0\um\GL\gl.h(1285,25): error C2365: 'glad_glHint': nueva definición; la definición anterior era 'variable de datos'
E:\4t carrera\programación de juegos\Asteroids 1.0\Programacio-Videojocs-8-ECS\VideogameProgramming\Libraries\include\glad\glad.h(964): message : vea la declaración de 'glad_glHint'
C:\Program Files (x86)\Windows Kits\10\Include\10.0.19041.0\um\GL\gl.h(1300,30): error C2365: 'glad_glIsEnabled': nueva definición; la definición anterior era 'variable de datos'
E:\4t carrera\programación de juegos\Asteroids 1.0\Programacio-Videojocs-8-ECS\VideogameProgramming\Libraries\include\glad\glad.h(1093): message : vea la declaración de 'glad_glIsEnabled'
C:\Program Files (x86)\Windows Kits\10\Include\10.0.19041.0\um\GL\gl.h(1302,30): error C2365: 'glad_glIsTexture': nueva definición; la definición anterior era 'variable de datos'
E:\4t carrera\programación de juegos\Asteroids 1.0\Programacio-Videojocs-8-ECS\VideogameProgramming\Libraries\include\glad\glad.h(1142): message : vea la declaración de 'glad_glIsTexture'
C:\Program Files (x86)\Windows Kits\10\Include\10.0.19041.0\um\GL\gl.h(1312,25): error C2365: 'glad_glLineWidth': nueva definición; la definición anterior era 'variable de datos'
E:\4t carrera\programación de juegos\Asteroids 1.0\Programacio-Videojocs-8-ECS\VideogameProgramming\Libraries\include\glad\glad.h(967): message : vea la declaración de 'glad_glLineWidth'
C:\Program Files (x86)\Windows Kits\10\Include\10.0.19041.0\um\GL\gl.h(1318,25): error C2365: 'glad_glLogicOp': nueva definición; la definición anterior era 'variable de datos'
E:\4t carrera\programación de juegos\Asteroids 1.0\Programacio-Videojocs-8-ECS\VideogameProgramming\Libraries\include\glad\glad.h(1036): message : vea la declaración de 'glad_glLogicOp'
C:\Program Files (x86)\Windows Kits\10\Include\10.0.19041.0\um\GL\gl.h(1351,25): error C2365: 'glad_glPixelStoref': nueva definición; la definición anterior era 'variable de datos'
E:\4t carrera\programación de juegos\Asteroids 1.0\Programacio-Videojocs-8-ECS\VideogameProgramming\Libraries\include\glad\glad.h(1048): message : vea la declaración de 'glad_glPixelStoref'
C:\Program Files (x86)\Windows Kits\10\Include\10.0.19041.0\um\GL\gl.h(1352,25): error C2365: 'glad_glPixelStorei': nueva definición; la definición anterior era 'variable de datos'
E:\4t carrera\programación de juegos\Asteroids 1.0\Programacio-Videojocs-8-ECS\VideogameProgramming\Libraries\include\glad\glad.h(1051): message : vea la declaración de 'glad_glPixelStorei'
C:\Program Files (x86)\Windows Kits\10\Include\10.0.19041.0\um\GL\gl.h(1356,25): error C2365: 'glad_glPointSize': nueva definición; la definición anterior era 'variable de datos'
E:\4t carrera\programación de juegos\Asteroids 1.0\Programacio-Videojocs-8-ECS\VideogameProgramming\Libraries\include\glad\glad.h(970): message : vea la declaración de 'glad_glPointSize'
C:\Program Files (x86)\Windows Kits\10\Include\10.0.19041.0\um\GL\gl.h(1357,25): error C2365: 'glad_glPolygonMode': nueva definición; la definición anterior era 'variable de datos'
E:\4t carrera\programación de juegos\Asteroids 1.0\Programacio-Videojocs-8-ECS\VideogameProgramming\Libraries\include\glad\glad.h(973): message : vea la declaración de 'glad_glPolygonMode'
C:\Program Files (x86)\Windows Kits\10\Include\10.0.19041.0\um\GL\gl.h(1358,25): error C2365: 'glad_glPolygonOffset': nueva definición; la definición anterior era 'variable de datos'
E:\4t carrera\programación de juegos\Asteroids 1.0\Programacio-Videojocs-8-ECS\VideogameProgramming\Libraries\include\glad\glad.h(1112): message : vea la declaración de 'glad_glPolygonOffset'
C:\Program Files (x86)\Windows Kits\10\Include\10.0.19041.0\um\GL\gl.h(1393,25): error C2365: 'glad_glReadBuffer': nueva definición; la definición anterior era 'variable de datos'
E:\4t carrera\programación de juegos\Asteroids 1.0\Programacio-Videojocs-8-ECS\VideogameProgramming\Libraries\include\glad\glad.h(1054): message : vea la declaración de 'glad_glReadBuffer'
C:\Program Files (x86)\Windows Kits\10\Include\10.0.19041.0\um\GL\gl.h(1394,25): error C2365: 'glad_glReadPixels': nueva definición; la definición anterior era 'variable de datos'
E:\4t carrera\programación de juegos\Asteroids 1.0\Programacio-Videojocs-8-ECS\VideogameProgramming\Libraries\include\glad\glad.h(1057): message : vea la declaración de 'glad_glReadPixels'
C:\Program Files (x86)\Windows Kits\10\Include\10.0.19041.0\um\GL\gl.h(1408,25): error C2365: 'glad_glScissor': nueva definición; la definición anterior era 'variable de datos'
E:\4t carrera\programación de juegos\Asteroids 1.0\Programacio-Videojocs-8-ECS\VideogameProgramming\Libraries\include\glad\glad.h(976): message : vea la declaración de 'glad_glScissor'
C:\Program Files (x86)\Windows Kits\10\Include\10.0.19041.0\um\GL\gl.h(1411,25): error C2365: 'glad_glStencilFunc': nueva definición; la definición anterior era 'variable de datos'
E:\4t carrera\programación de juegos\Asteroids 1.0\Programacio-Videojocs-8-ECS\VideogameProgramming\Libraries\include\glad\glad.h(1039): message : vea la declaración de 'glad_glStencilFunc'
C:\Program Files (x86)\Windows Kits\10\Include\10.0.19041.0\um\GL\gl.h(1412,25): error C2365: 'glad_glStencilMask': nueva definición; la definición anterior era 'variable de datos'
E:\4t carrera\programación de juegos\Asteroids 1.0\Programacio-Videojocs-8-ECS\VideogameProgramming\Libraries\include\glad\glad.h(1012): message : vea la declaración de 'glad_glStencilMask'
C:\Program Files (x86)\Windows Kits\10\Include\10.0.19041.0\um\GL\gl.h(1413,25): error C2365: 'glad_glStencilOp': nueva definición; la definición anterior era 'variable de datos'
E:\4t carrera\programación de juegos\Asteroids 1.0\Programacio-Videojocs-8-ECS\VideogameProgramming\Libraries\include\glad\glad.h(1042): message : vea la declaración de 'glad_glStencilOp'
C:\Program Files (x86)\Windows Kits\10\Include\10.0.19041.0\um\GL\gl.h(1457,25): error C2365: 'glad_glTexImage1D': nueva definición; la definición anterior era 'variable de datos'
E:\4t carrera\programación de juegos\Asteroids 1.0\Programacio-Videojocs-8-ECS\VideogameProgramming\Libraries\include\glad\glad.h(991): message : vea la declaración de 'glad_glTexImage1D'
C:\Program Files (x86)\Windows Kits\10\Include\10.0.19041.0\um\GL\gl.h(1458,25): error C2365: 'glad_glTexImage2D': nueva definición; la definición anterior era 'variable de datos'
E:\4t carrera\programación de juegos\Asteroids 1.0\Programacio-Videojocs-8-ECS\VideogameProgramming\Libraries\include\glad\glad.h(994): message : vea la declaración de 'glad_glTexImage2D'
C:\Program Files (x86)\Windows Kits\10\Include\10.0.19041.0\um\GL\gl.h(1459,25): error C2365: 'glad_glTexParameterf': nueva definición; la definición anterior era 'variable de datos'
E:\4t carrera\programación de juegos\Asteroids 1.0\Programacio-Videojocs-8-ECS\VideogameProgramming\Libraries\include\glad\glad.h(979): message : vea la declaración de 'glad_glTexParameterf'
C:\Program Files (x86)\Windows Kits\10\Include\10.0.19041.0\um\GL\gl.h(1460,25): error C2365: 'glad_glTexParameterfv': nueva definición; la definición anterior era 'variable de datos'
E:\4t carrera\programación de juegos\Asteroids 1.0\Programacio-Videojocs-8-ECS\VideogameProgramming\Libraries\include\glad\glad.h(982): message : vea la declaración de 'glad_glTexParameterfv'
C:\Program Files (x86)\Windows Kits\10\Include\10.0.19041.0\um\GL\gl.h(1461,25): error C2365: 'glad_glTexParameteri': nueva definición; la definición anterior era 'variable de datos'
E:\4t carrera\programación de juegos\Asteroids 1.0\Programacio-Videojocs-8-ECS\VideogameProgramming\Libraries\include\glad\glad.h(985): message : vea la declaración de 'glad_glTexParameteri'
C:\Program Files (x86)\Windows Kits\10\Include\10.0.19041.0\um\GL\gl.h(1462,25): error C2365: 'glad_glTexParameteriv': nueva definición; la definición anterior era 'variable de datos'
E:\4t carrera\programación de juegos\Asteroids 1.0\Programacio-Videojocs-8-ECS\VideogameProgramming\Libraries\include\glad\glad.h(988): message : vea la declaración de 'glad_glTexParameteriv'
C:\Program Files (x86)\Windows Kits\10\Include\10.0.19041.0\um\GL\gl.h(1463,25): error C2365: 'glad_glTexSubImage1D': nueva definición; la definición anterior era 'variable de datos'
E:\4t carrera\programación de juegos\Asteroids 1.0\Programacio-Videojocs-8-ECS\VideogameProgramming\Libraries\include\glad\glad.h(1127): message : vea la declaración de 'glad_glTexSubImage1D'
C:\Program Files (x86)\Windows Kits\10\Include\10.0.19041.0\um\GL\gl.h(1464,25): error C2365: 'glad_glTexSubImage2D': nueva definición; la definición anterior era 'variable de datos'
E:\4t carrera\programación de juegos\Asteroids 1.0\Programacio-Videojocs-8-ECS\VideogameProgramming\Libraries\include\glad\glad.h(1130): message : vea la declaración de 'glad_glTexSubImage2D'
C:\Program Files (x86)\Windows Kits\10\Include\10.0.19041.0\um\GL\gl.h(1492,25): error C2365: 'glad_glViewport': nueva definición; la definición anterior era 'variable de datos'
E:\4t carrera\programación de juegos\Asteroids 1.0\Programacio-Videojocs-8-ECS\VideogameProgramming\Libraries\include\glad\glad.h(1099): message : vea la declaración de 'glad_glViewport'
  Shader.cpp
  BallScript.cpp
  SpaceshipScript.cpp
  SpriteRenderer.cpp
  Texture.cpp
  TextureManager.cpp
  VAO.cpp
E:\4t carrera\programación de juegos\Asteroids 1.0\Programacio-Videojocs-8-ECS\VideogameProgramming\VAO.cpp(13,63): warning C4244: 'argumento': conversión de 'GLsizeiptr' a 'GLsizei'; posible pérdida de datos
  VBO.cpp
